<?xml version="1.0" encoding="UTF-8"?>
<coverage generated="1540852522387" clover="3.2.0">
  <project timestamp="1540852522387" name="All files">
    <metrics statements="58" coveredstatements="47" conditionals="16" coveredconditionals="8" methods="22" coveredmethods="13" elements="96" coveredelements="68" complexity="0" loc="58" ncloc="58" packages="3" files="5" classes="5">
      <package name="client.components">
        <metrics statements="35" coveredstatements="27" conditionals="12" coveredconditionals="6" methods="15" coveredmethods="7"/>
        <file name="App.jsx" path="/Users/wgodfrey/Documents/HackReactor/immersive/hrsf105-front-end-capstone/similar-products-carousel/client/components/App.jsx">
          <metrics statements="25" coveredstatements="23" conditionals="10" coveredconditionals="6" methods="9" coveredmethods="7"/>
          <line num="10" count="9" type="stmt"/>
          <line num="11" count="9" type="stmt"/>
          <line num="12" count="9" type="stmt"/>
          <line num="13" count="9" type="stmt"/>
          <line num="14" count="9" type="stmt"/>
          <line num="15" count="9" type="stmt"/>
          <line num="22" count="9" type="stmt"/>
          <line num="26" count="10" type="stmt"/>
          <line num="28" count="0" type="stmt"/>
          <line num="33" count="0" type="stmt"/>
          <line num="38" count="2" type="stmt"/>
          <line num="39" count="2" type="stmt"/>
          <line num="40" count="2" type="cond" truecount="2" falsecount="0"/>
          <line num="41" count="1" type="stmt"/>
          <line num="42" count="2" type="cond" truecount="1" falsecount="1"/>
          <line num="43" count="2" type="stmt"/>
          <line num="47" count="2" type="stmt"/>
          <line num="48" count="2" type="stmt"/>
          <line num="49" count="2" type="cond" truecount="1" falsecount="1"/>
          <line num="50" count="2" type="stmt"/>
          <line num="51" count="2" type="cond" truecount="1" falsecount="1"/>
          <line num="52" count="2" type="stmt"/>
          <line num="56" count="1" type="stmt"/>
          <line num="59" count="1" type="stmt"/>
          <line num="63" count="10" type="stmt"/>
        </file>
        <file name="Card.jsx" path="/Users/wgodfrey/Documents/HackReactor/immersive/hrsf105-front-end-capstone/similar-products-carousel/client/components/Card.jsx">
          <metrics statements="4" coveredstatements="2" conditionals="2" coveredconditionals="0" methods="2" coveredmethods="0"/>
          <line num="4" count="1" type="stmt"/>
          <line num="5" count="0" type="stmt"/>
          <line num="6" count="0" type="stmt"/>
          <line num="33" count="1" type="stmt"/>
        </file>
        <file name="Slider.jsx" path="/Users/wgodfrey/Documents/HackReactor/immersive/hrsf105-front-end-capstone/similar-products-carousel/client/components/Slider.jsx">
          <metrics statements="6" coveredstatements="2" conditionals="0" coveredconditionals="0" methods="4" coveredmethods="0"/>
          <line num="5" count="1" type="stmt"/>
          <line num="6" count="0" type="stmt"/>
          <line num="11" count="0" type="stmt"/>
          <line num="22" count="0" type="stmt"/>
          <line num="33" count="0" type="stmt"/>
          <line num="45" count="1" type="stmt"/>
        </file>
      </package>
      <package name="database">
        <metrics statements="7" coveredstatements="6" conditionals="0" coveredconditionals="0" methods="4" coveredmethods="3"/>
        <file name="model.js" path="/Users/wgodfrey/Documents/HackReactor/immersive/hrsf105-front-end-capstone/similar-products-carousel/database/model.js">
          <metrics statements="7" coveredstatements="6" conditionals="0" coveredconditionals="0" methods="4" coveredmethods="3"/>
          <line num="1" count="1" type="stmt"/>
          <line num="5" count="1" type="stmt"/>
          <line num="12" count="3" type="stmt"/>
          <line num="16" count="0" type="stmt"/>
          <line num="20" count="3" type="stmt"/>
          <line num="21" count="3" type="stmt"/>
          <line num="25" count="1" type="stmt"/>
        </file>
      </package>
      <package name="server">
        <metrics statements="16" coveredstatements="14" conditionals="4" coveredconditionals="2" methods="3" coveredmethods="3"/>
        <file name="app.js" path="/Users/wgodfrey/Documents/HackReactor/immersive/hrsf105-front-end-capstone/similar-products-carousel/server/app.js">
          <metrics statements="16" coveredstatements="14" conditionals="4" coveredconditionals="2" methods="3" coveredmethods="3"/>
          <line num="1" count="1" type="stmt"/>
          <line num="2" count="1" type="stmt"/>
          <line num="3" count="1" type="stmt"/>
          <line num="5" count="1" type="stmt"/>
          <line num="7" count="1" type="stmt"/>
          <line num="8" count="1" type="stmt"/>
          <line num="10" count="1" type="stmt"/>
          <line num="11" count="3" type="stmt"/>
          <line num="12" count="3" type="cond" truecount="1" falsecount="1"/>
          <line num="13" count="0" type="stmt"/>
          <line num="15" count="3" type="stmt"/>
          <line num="16" count="3" type="stmt"/>
          <line num="17" count="3" type="cond" truecount="1" falsecount="1"/>
          <line num="18" count="0" type="stmt"/>
          <line num="20" count="3" type="stmt"/>
          <line num="27" count="1" type="stmt"/>
        </file>
      </package>
    </metrics>
  </project>
</coverage>
