{"/Users/wgodfrey/Documents/HackReactor/immersive/hrsf105-front-end-capstone/similar-products-carousel/client/components/App.jsx": {"path":"/Users/wgodfrey/Documents/HackReactor/immersive/hrsf105-front-end-capstone/similar-products-carousel/client/components/App.jsx","statementMap":{"0":{"start":{"line":10,"column":4},"end":{"line":10,"column":12}},"1":{"start":{"line":11,"column":4},"end":{"line":11,"column":24}},"2":{"start":{"line":12,"column":4},"end":{"line":12,"column":47}},"3":{"start":{"line":13,"column":4},"end":{"line":13,"column":49}},"4":{"start":{"line":14,"column":4},"end":{"line":14,"column":49}},"5":{"start":{"line":15,"column":4},"end":{"line":18,"column":6}},"6":{"start":{"line":22,"column":4},"end":{"line":22,"column":23}},"7":{"start":{"line":26,"column":4},"end":{"line":34,"column":7}},"8":{"start":{"line":28,"column":6},"end":{"line":30,"column":9}},"9":{"start":{"line":33,"column":6},"end":{"line":33,"column":23}},"10":{"start":{"line":38,"column":4},"end":{"line":38,"column":25}},"11":{"start":{"line":39,"column":4},"end":{"line":39,"column":85}},"12":{"start":{"line":40,"column":4},"end":{"line":41,"column":47}},"13":{"start":{"line":40,"column":32},"end":{"line":40,"column":67}},"14":{"start":{"line":41,"column":9},"end":{"line":41,"column":47}},"15":{"start":{"line":42,"column":4},"end":{"line":43,"column":47}},"16":{"start":{"line":42,"column":31},"end":{"line":42,"column":66}},"17":{"start":{"line":43,"column":9},"end":{"line":43,"column":47}},"18":{"start":{"line":47,"column":4},"end":{"line":47,"column":25}},"19":{"start":{"line":48,"column":4},"end":{"line":48,"column":85}},"20":{"start":{"line":49,"column":4},"end":{"line":50,"column":47}},"21":{"start":{"line":49,"column":32},"end":{"line":49,"column":67}},"22":{"start":{"line":50,"column":9},"end":{"line":50,"column":47}},"23":{"start":{"line":51,"column":4},"end":{"line":52,"column":47}},"24":{"start":{"line":51,"column":31},"end":{"line":51,"column":66}},"25":{"start":{"line":52,"column":9},"end":{"line":52,"column":47}},"26":{"start":{"line":56,"column":4},"end":{"line":58,"column":7}},"27":{"start":{"line":59,"column":4},"end":{"line":59,"column":23}},"28":{"start":{"line":63,"column":4},"end":{"line":80,"column":6}}},"fnMap":{"0":{"name":"(anonymous_0)","decl":{"start":{"line":9,"column":2},"end":{"line":9,"column":3}},"loc":{"start":{"line":9,"column":16},"end":{"line":19,"column":3}},"line":9},"1":{"name":"(anonymous_1)","decl":{"start":{"line":21,"column":2},"end":{"line":21,"column":3}},"loc":{"start":{"line":21,"column":22},"end":{"line":23,"column":3}},"line":21},"2":{"name":"(anonymous_2)","decl":{"start":{"line":25,"column":2},"end":{"line":25,"column":3}},"loc":{"start":{"line":25,"column":16},"end":{"line":35,"column":3}},"line":25},"3":{"name":"(anonymous_3)","decl":{"start":{"line":27,"column":10},"end":{"line":27,"column":11}},"loc":{"start":{"line":27,"column":19},"end":{"line":31,"column":5}},"line":27},"4":{"name":"(anonymous_4)","decl":{"start":{"line":32,"column":11},"end":{"line":32,"column":12}},"loc":{"start":{"line":32,"column":20},"end":{"line":34,"column":5}},"line":32},"5":{"name":"(anonymous_5)","decl":{"start":{"line":37,"column":2},"end":{"line":37,"column":3}},"loc":{"start":{"line":37,"column":14},"end":{"line":44,"column":3}},"line":37},"6":{"name":"(anonymous_6)","decl":{"start":{"line":46,"column":2},"end":{"line":46,"column":3}},"loc":{"start":{"line":46,"column":15},"end":{"line":53,"column":3}},"line":46},"7":{"name":"(anonymous_7)","decl":{"start":{"line":55,"column":2},"end":{"line":55,"column":3}},"loc":{"start":{"line":55,"column":18},"end":{"line":60,"column":3}},"line":55},"8":{"name":"(anonymous_8)","decl":{"start":{"line":62,"column":2},"end":{"line":62,"column":3}},"loc":{"start":{"line":62,"column":11},"end":{"line":81,"column":3}},"line":62}},"branchMap":{"0":{"loc":{"start":{"line":40,"column":4},"end":{"line":41,"column":47}},"type":"if","locations":[{"start":{"line":40,"column":4},"end":{"line":41,"column":47}},{"start":{"line":40,"column":4},"end":{"line":41,"column":47}}],"line":40},"1":{"loc":{"start":{"line":42,"column":4},"end":{"line":43,"column":47}},"type":"if","locations":[{"start":{"line":42,"column":4},"end":{"line":43,"column":47}},{"start":{"line":42,"column":4},"end":{"line":43,"column":47}}],"line":42},"2":{"loc":{"start":{"line":49,"column":4},"end":{"line":50,"column":47}},"type":"if","locations":[{"start":{"line":49,"column":4},"end":{"line":50,"column":47}},{"start":{"line":49,"column":4},"end":{"line":50,"column":47}}],"line":49},"3":{"loc":{"start":{"line":51,"column":4},"end":{"line":52,"column":47}},"type":"if","locations":[{"start":{"line":51,"column":4},"end":{"line":52,"column":47}},{"start":{"line":51,"column":4},"end":{"line":52,"column":47}}],"line":51},"4":{"loc":{"start":{"line":71,"column":12},"end":{"line":73,"column":23}},"type":"cond-expr","locations":[{"start":{"line":72,"column":16},"end":{"line":72,"column":87}},{"start":{"line":73,"column":16},"end":{"line":73,"column":23}}],"line":71}},"s":{"0":9,"1":9,"2":9,"3":9,"4":9,"5":9,"6":9,"7":10,"8":0,"9":0,"10":2,"11":2,"12":2,"13":1,"14":1,"15":2,"16":0,"17":2,"18":2,"19":2,"20":2,"21":0,"22":2,"23":2,"24":0,"25":2,"26":1,"27":1,"28":10},"f":{"0":9,"1":9,"2":10,"3":0,"4":0,"5":2,"6":2,"7":1,"8":10},"b":{"0":[1,1],"1":[0,2],"2":[0,2],"3":[0,2],"4":[0,10]},"_coverageSchema":"332fd63041d2c1bcb487cc26dd0d5f7d97098a6c","hash":"913c1d80a2e5caa317605aaf23deeb95731730b6"}
,"/Users/wgodfrey/Documents/HackReactor/immersive/hrsf105-front-end-capstone/similar-products-carousel/client/components/Card.jsx": {"path":"/Users/wgodfrey/Documents/HackReactor/immersive/hrsf105-front-end-capstone/similar-products-carousel/client/components/Card.jsx","statementMap":{"0":{"start":{"line":4,"column":13},"end":{"line":31,"column":1}},"1":{"start":{"line":5,"column":2},"end":{"line":30,"column":8}},"2":{"start":{"line":6,"column":43},"end":{"line":6,"column":88}},"3":{"start":{"line":33,"column":0},"end":{"line":45,"column":2}}},"fnMap":{"0":{"name":"(anonymous_0)","decl":{"start":{"line":4,"column":13},"end":{"line":4,"column":14}},"loc":{"start":{"line":5,"column":2},"end":{"line":30,"column":8}},"line":5},"1":{"name":"(anonymous_1)","decl":{"start":{"line":6,"column":35},"end":{"line":6,"column":36}},"loc":{"start":{"line":6,"column":41},"end":{"line":6,"column":90}},"line":6}},"branchMap":{"0":{"loc":{"start":{"line":18,"column":12},"end":{"line":25,"column":81}},"type":"cond-expr","locations":[{"start":{"line":20,"column":16},"end":{"line":23,"column":22}},{"start":{"line":25,"column":16},"end":{"line":25,"column":81}}],"line":18}},"s":{"0":1,"1":0,"2":0,"3":1},"f":{"0":0,"1":0},"b":{"0":[0,0]},"_coverageSchema":"332fd63041d2c1bcb487cc26dd0d5f7d97098a6c","hash":"409561c1810de78a0b41ff4151cccd6af36082d3"}
,"/Users/wgodfrey/Documents/HackReactor/immersive/hrsf105-front-end-capstone/similar-products-carousel/client/components/Slider.jsx": {"path":"/Users/wgodfrey/Documents/HackReactor/immersive/hrsf105-front-end-capstone/similar-products-carousel/client/components/Slider.jsx","statementMap":{"0":{"start":{"line":5,"column":15},"end":{"line":43,"column":1}},"1":{"start":{"line":6,"column":2},"end":{"line":42,"column":8}},"2":{"start":{"line":11,"column":12},"end":{"line":15,"column":14}},"3":{"start":{"line":22,"column":12},"end":{"line":26,"column":14}},"4":{"start":{"line":33,"column":12},"end":{"line":37,"column":14}},"5":{"start":{"line":45,"column":0},"end":{"line":59,"column":2}}},"fnMap":{"0":{"name":"(anonymous_0)","decl":{"start":{"line":5,"column":15},"end":{"line":5,"column":16}},"loc":{"start":{"line":6,"column":2},"end":{"line":42,"column":8}},"line":6},"1":{"name":"(anonymous_1)","decl":{"start":{"line":10,"column":41},"end":{"line":10,"column":42}},"loc":{"start":{"line":11,"column":12},"end":{"line":15,"column":14}},"line":11},"2":{"name":"(anonymous_2)","decl":{"start":{"line":21,"column":41},"end":{"line":21,"column":42}},"loc":{"start":{"line":22,"column":12},"end":{"line":26,"column":14}},"line":22},"3":{"name":"(anonymous_3)","decl":{"start":{"line":32,"column":42},"end":{"line":32,"column":43}},"loc":{"start":{"line":33,"column":12},"end":{"line":37,"column":14}},"line":33}},"branchMap":{},"s":{"0":1,"1":0,"2":0,"3":0,"4":0,"5":1},"f":{"0":0,"1":0,"2":0,"3":0},"b":{},"_coverageSchema":"332fd63041d2c1bcb487cc26dd0d5f7d97098a6c","hash":"c1e4f8768b1962fb30f230da3993139e43e7700d"}
,"/Users/wgodfrey/Documents/HackReactor/immersive/hrsf105-front-end-capstone/similar-products-carousel/database/model.js": {"path":"/Users/wgodfrey/Documents/HackReactor/immersive/hrsf105-front-end-capstone/similar-products-carousel/database/model.js","statementMap":{"0":{"start":{"line":1,"column":14},"end":{"line":1,"column":30}},"1":{"start":{"line":5,"column":4},"end":{"line":8,"column":7}},"2":{"start":{"line":12,"column":4},"end":{"line":12,"column":89}},"3":{"start":{"line":16,"column":4},"end":{"line":16,"column":53}},"4":{"start":{"line":20,"column":14},"end":{"line":20,"column":185}},"5":{"start":{"line":21,"column":4},"end":{"line":21,"column":39}},"6":{"start":{"line":25,"column":0},"end":{"line":25,"column":33}}},"fnMap":{"0":{"name":"(anonymous_0)","decl":{"start":{"line":4,"column":2},"end":{"line":4,"column":3}},"loc":{"start":{"line":4,"column":16},"end":{"line":9,"column":3}},"line":4},"1":{"name":"(anonymous_1)","decl":{"start":{"line":11,"column":2},"end":{"line":11,"column":3}},"loc":{"start":{"line":11,"column":19},"end":{"line":13,"column":3}},"line":11},"2":{"name":"(anonymous_2)","decl":{"start":{"line":15,"column":2},"end":{"line":15,"column":3}},"loc":{"start":{"line":15,"column":13},"end":{"line":17,"column":3}},"line":15},"3":{"name":"(anonymous_3)","decl":{"start":{"line":19,"column":2},"end":{"line":19,"column":3}},"loc":{"start":{"line":19,"column":37},"end":{"line":22,"column":3}},"line":19}},"branchMap":{},"s":{"0":1,"1":1,"2":3,"3":0,"4":3,"5":3,"6":1},"f":{"0":1,"1":3,"2":0,"3":3},"b":{},"_coverageSchema":"332fd63041d2c1bcb487cc26dd0d5f7d97098a6c","hash":"f0e8690588a0d5b84be63f2e1128e727b759b5b8"}
,"/Users/wgodfrey/Documents/HackReactor/immersive/hrsf105-front-end-capstone/similar-products-carousel/server/app.js": {"path":"/Users/wgodfrey/Documents/HackReactor/immersive/hrsf105-front-end-capstone/similar-products-carousel/server/app.js","statementMap":{"0":{"start":{"line":1,"column":16},"end":{"line":1,"column":34}},"1":{"start":{"line":2,"column":13},"end":{"line":2,"column":28}},"2":{"start":{"line":3,"column":14},"end":{"line":3,"column":47}},"3":{"start":{"line":5,"column":12},"end":{"line":5,"column":21}},"4":{"start":{"line":7,"column":0},"end":{"line":7,"column":61}},"5":{"start":{"line":8,"column":0},"end":{"line":8,"column":67}},"6":{"start":{"line":10,"column":0},"end":{"line":25,"column":3}},"7":{"start":{"line":11,"column":2},"end":{"line":24,"column":5}},"8":{"start":{"line":12,"column":4},"end":{"line":23,"column":5}},"9":{"start":{"line":13,"column":6},"end":{"line":13,"column":41}},"10":{"start":{"line":15,"column":19},"end":{"line":15,"column":86}},"11":{"start":{"line":16,"column":6},"end":{"line":22,"column":9}},"12":{"start":{"line":17,"column":8},"end":{"line":21,"column":9}},"13":{"start":{"line":18,"column":10},"end":{"line":18,"column":45}},"14":{"start":{"line":20,"column":10},"end":{"line":20,"column":26}},"15":{"start":{"line":27,"column":0},"end":{"line":27,"column":21}}},"fnMap":{"0":{"name":"(anonymous_0)","decl":{"start":{"line":10,"column":29},"end":{"line":10,"column":30}},"loc":{"start":{"line":10,"column":43},"end":{"line":25,"column":1}},"line":10},"1":{"name":"(anonymous_1)","decl":{"start":{"line":11,"column":43},"end":{"line":11,"column":44}},"loc":{"start":{"line":11,"column":60},"end":{"line":24,"column":3}},"line":11},"2":{"name":"(anonymous_2)","decl":{"start":{"line":16,"column":48},"end":{"line":16,"column":49}},"loc":{"start":{"line":16,"column":65},"end":{"line":22,"column":7}},"line":16}},"branchMap":{"0":{"loc":{"start":{"line":12,"column":4},"end":{"line":23,"column":5}},"type":"if","locations":[{"start":{"line":12,"column":4},"end":{"line":23,"column":5}},{"start":{"line":12,"column":4},"end":{"line":23,"column":5}}],"line":12},"1":{"loc":{"start":{"line":17,"column":8},"end":{"line":21,"column":9}},"type":"if","locations":[{"start":{"line":17,"column":8},"end":{"line":21,"column":9}},{"start":{"line":17,"column":8},"end":{"line":21,"column":9}}],"line":17}},"s":{"0":1,"1":1,"2":1,"3":1,"4":1,"5":1,"6":1,"7":3,"8":3,"9":0,"10":3,"11":3,"12":3,"13":0,"14":3,"15":1},"f":{"0":3,"1":3,"2":3},"b":{"0":[0,3],"1":[0,3]},"_coverageSchema":"332fd63041d2c1bcb487cc26dd0d5f7d97098a6c","hash":"89999ad4ddde2a534c73dda1612c98972ad7b58f"}
}
