TN:
SF:/Users/wgodfrey/Documents/HackReactor/immersive/hrsf105-front-end-capstone/similar-products-carousel/client/components/App.jsx
FN:9,(anonymous_0)
FN:21,(anonymous_1)
FN:25,(anonymous_2)
FN:27,(anonymous_3)
FN:32,(anonymous_4)
FN:37,(anonymous_5)
FN:46,(anonymous_6)
FN:55,(anonymous_7)
FN:62,(anonymous_8)
FNF:9
FNH:7
FNDA:9,(anonymous_0)
FNDA:9,(anonymous_1)
FNDA:10,(anonymous_2)
FNDA:0,(anonymous_3)
FNDA:0,(anonymous_4)
FNDA:2,(anonymous_5)
FNDA:2,(anonymous_6)
FNDA:1,(anonymous_7)
FNDA:10,(anonymous_8)
DA:10,9
DA:11,9
DA:12,9
DA:13,9
DA:14,9
DA:15,9
DA:22,9
DA:26,10
DA:28,0
DA:33,0
DA:38,2
DA:39,2
DA:40,2
DA:41,1
DA:42,2
DA:43,2
DA:47,2
DA:48,2
DA:49,2
DA:50,2
DA:51,2
DA:52,2
DA:56,1
DA:59,1
DA:63,10
LF:25
LH:23
BRDA:40,0,0,1
BRDA:40,0,1,1
BRDA:42,1,0,0
BRDA:42,1,1,2
BRDA:49,2,0,0
BRDA:49,2,1,2
BRDA:51,3,0,0
BRDA:51,3,1,2
BRDA:71,4,0,0
BRDA:71,4,1,10
BRF:10
BRH:6
end_of_record
TN:
SF:/Users/wgodfrey/Documents/HackReactor/immersive/hrsf105-front-end-capstone/similar-products-carousel/client/components/Card.jsx
FN:4,(anonymous_0)
FN:6,(anonymous_1)
FNF:2
FNH:0
FNDA:0,(anonymous_0)
FNDA:0,(anonymous_1)
DA:4,1
DA:5,0
DA:6,0
DA:33,1
LF:4
LH:2
BRDA:18,0,0,0
BRDA:18,0,1,0
BRF:2
BRH:0
end_of_record
TN:
SF:/Users/wgodfrey/Documents/HackReactor/immersive/hrsf105-front-end-capstone/similar-products-carousel/client/components/Slider.jsx
FN:5,(anonymous_0)
FN:10,(anonymous_1)
FN:21,(anonymous_2)
FN:32,(anonymous_3)
FNF:4
FNH:0
FNDA:0,(anonymous_0)
FNDA:0,(anonymous_1)
FNDA:0,(anonymous_2)
FNDA:0,(anonymous_3)
DA:5,1
DA:6,0
DA:11,0
DA:22,0
DA:33,0
DA:45,1
LF:6
LH:2
BRF:0
BRH:0
end_of_record
TN:
SF:/Users/wgodfrey/Documents/HackReactor/immersive/hrsf105-front-end-capstone/similar-products-carousel/database/model.js
FN:4,(anonymous_0)
FN:11,(anonymous_1)
FN:15,(anonymous_2)
FN:19,(anonymous_3)
FNF:4
FNH:3
FNDA:1,(anonymous_0)
FNDA:3,(anonymous_1)
FNDA:0,(anonymous_2)
FNDA:3,(anonymous_3)
DA:1,1
DA:5,1
DA:12,3
DA:16,0
DA:20,3
DA:21,3
DA:25,1
LF:7
LH:6
BRF:0
BRH:0
end_of_record
TN:
SF:/Users/wgodfrey/Documents/HackReactor/immersive/hrsf105-front-end-capstone/similar-products-carousel/server/app.js
FN:10,(anonymous_0)
FN:11,(anonymous_1)
FN:16,(anonymous_2)
FNF:3
FNH:3
FNDA:3,(anonymous_0)
FNDA:3,(anonymous_1)
FNDA:3,(anonymous_2)
DA:1,1
DA:2,1
DA:3,1
DA:5,1
DA:7,1
DA:8,1
DA:10,1
DA:11,3
DA:12,3
DA:13,0
DA:15,3
DA:16,3
DA:17,3
DA:18,0
DA:20,3
DA:27,1
LF:16
LH:14
BRDA:12,0,0,0
BRDA:12,0,1,3
BRDA:17,1,0,0
BRDA:17,1,1,3
BRF:4
BRH:2
end_of_record
